

================================================================
== Vitis HLS Report for 'myproject'
================================================================
* Date:           Fri Jul  3 11:56:43 2026

* Version:        2023.2 (Build 4023990 on Oct 11 2023)
* Project:        myproject_prj
* Solution:       solution1 (Vivado IP Flow Target)
* Product family: zynquplus
* Target device:  xczu9eg-ffvb1156-2-e


================================================================
== Performance Estimates
================================================================
+ Timing: 
    * Summary: 
    +--------+---------+----------+------------+
    |  Clock |  Target | Estimated| Uncertainty|
    +--------+---------+----------+------------+
    |ap_clk  |  5.00 ns|  3.650 ns|     1.35 ns|
    +--------+---------+----------+------------+

+ Latency: 
    * Summary: 
    +---------+---------+-----------+-----------+------+------+----------+
    |  Latency (cycles) |   Latency (absolute)  |   Interval  | Pipeline |
    |   min   |   max   |    min    |    max    |  min |  max |   Type   |
    +---------+---------+-----------+-----------+------+------+----------+
    |     2372|     2372|  11.860 us|  11.860 us|  2356|  2356|  dataflow|
    +---------+---------+-----------+-----------+------+------+----------+

    + Detail: 
        * Instance: 
        +------------------------------------------------------------------------+-----------------------------------------------------------------------+---------+---------+-----------+-----------+------+------+---------+
        |                                                                        |                                                                       |  Latency (cycles) |   Latency (absolute)  |   Interval  | Pipeline|
        |                                Instance                                |                                 Module                                |   min   |   max   |    min    |    max    |  min |  max |   Type  |
        +------------------------------------------------------------------------+-----------------------------------------------------------------------+---------+---------+-----------+-----------+------+------+---------+
        |conv_2d_cl_array_ap_fixed_1u_array_ap_fixed_37_17_5_3_0_8u_config2_U0   |conv_2d_cl_array_ap_fixed_1u_array_ap_fixed_37_17_5_3_0_8u_config2_s   |     2355|     2355|  11.775 us|  11.775 us|  2355|  2355|       no|
        |relu_array_ap_fixed_8u_array_ap_fixed_16_6_5_3_0_8u_relu_config5_U0     |relu_array_ap_fixed_8u_array_ap_fixed_16_6_5_3_0_8u_relu_config5_s     |      679|      679|   3.395 us|   3.395 us|   679|   679|       no|
        |pooling2d_cl_array_ap_fixed_8u_array_ap_fixed_16_6_5_3_0_8u_config6_U0  |pooling2d_cl_array_ap_fixed_8u_array_ap_fixed_16_6_5_3_0_8u_config6_s  |     1355|     1355|   6.775 us|   6.775 us|  1355|  1355|       no|
        |conv_2d_cl_array_ap_fixed_8u_array_ap_fixed_40_20_5_3_0_16u_config7_U0  |conv_2d_cl_array_ap_fixed_8u_array_ap_fixed_40_20_5_3_0_16u_config7_s  |     1017|     1017|   5.085 us|   5.085 us|  1017|  1017|       no|
        |relu_array_ap_fixed_16u_array_ap_fixed_16_6_5_3_0_16u_relu_config10_U0  |relu_array_ap_fixed_16u_array_ap_fixed_16_6_5_3_0_16u_relu_config10_s  |      124|      124|   0.620 us|   0.620 us|   124|   124|       no|
        |pooling2d_cl_array_array_ap_fixed_16_6_5_3_0_16u_config11_U0            |pooling2d_cl_array_array_ap_fixed_16_6_5_3_0_16u_config11_s            |      245|      245|   1.225 us|   1.225 us|   245|   245|       no|
        |dense_array_ap_fixed_16u_array_ap_fixed_16_6_0_0_0_10u_config13_U0      |dense_array_ap_fixed_16u_array_ap_fixed_16_6_0_0_0_10u_config13_s      |       36|       36|   0.180 us|   0.180 us|    36|    36|       no|
        |linear_array_array_ap_fixed_16_6_5_3_0_10u_linear_config14_U0           |linear_array_array_ap_fixed_16_6_5_3_0_10u_linear_config14_s           |        0|        0|       0 ns|       0 ns|     0|     0|       no|
        |softmax_array_array_ap_fixed_16_6_5_3_0_10u_softmax_config15_U0         |softmax_array_array_ap_fixed_16_6_5_3_0_10u_softmax_config15_s         |        9|        9|  45.000 ns|  45.000 ns|     9|     9|       no|
        +------------------------------------------------------------------------+-----------------------------------------------------------------------+---------+---------+-----------+-----------+------+------+---------+

        * Loop: 
        N/A



================================================================
== Utilization Estimates
================================================================
* Summary: 
+-----------------+---------+------+--------+--------+-----+
|       Name      | BRAM_18K|  DSP |   FF   |   LUT  | URAM|
+-----------------+---------+------+--------+--------+-----+
|DSP              |        -|     -|       -|       -|    -|
|Expression       |        -|     -|       0|       2|    -|
|FIFO             |       99|     -|    1159|     481|    -|
|Instance         |        6|  2552|   81868|  141129|    -|
|Memory           |        -|     -|       -|       -|    -|
|Multiplexer      |        -|     -|       -|       -|    -|
|Register         |        -|     -|       -|       -|    -|
+-----------------+---------+------+--------+--------+-----+
|Total            |      105|  2552|   83027|  141612|    0|
+-----------------+---------+------+--------+--------+-----+
|Available        |     1824|  2520|  548160|  274080|    0|
+-----------------+---------+------+--------+--------+-----+
|Utilization (%)  |        5|   101|      15|      51|    0|
+-----------------+---------+------+--------+--------+-----+

+ Detail: 
    * Instance: 
    +------------------------------------------------------------------------+-----------------------------------------------------------------------+---------+------+-------+-------+-----+
    |                                Instance                                |                                 Module                                | BRAM_18K|  DSP |   FF  |  LUT  | URAM|
    +------------------------------------------------------------------------+-----------------------------------------------------------------------+---------+------+-------+-------+-----+
    |conv_2d_cl_array_ap_fixed_1u_array_ap_fixed_37_17_5_3_0_8u_config2_U0   |conv_2d_cl_array_ap_fixed_1u_array_ap_fixed_37_17_5_3_0_8u_config2_s   |        0|    65|   2488|   3770|    0|
    |conv_2d_cl_array_ap_fixed_8u_array_ap_fixed_40_20_5_3_0_16u_config7_U0  |conv_2d_cl_array_ap_fixed_8u_array_ap_fixed_40_20_5_3_0_16u_config7_s  |        0|   833|  22439|  46753|    0|
    |dense_array_ap_fixed_16u_array_ap_fixed_16_6_0_0_0_10u_config13_U0      |dense_array_ap_fixed_16u_array_ap_fixed_16_6_0_0_0_10u_config13_s      |        0|  1644|  52276|  82581|    0|
    |linear_array_array_ap_fixed_16_6_5_3_0_10u_linear_config14_U0           |linear_array_array_ap_fixed_16_6_5_3_0_10u_linear_config14_s           |        0|     0|      3|     38|    0|
    |pooling2d_cl_array_ap_fixed_8u_array_ap_fixed_16_6_5_3_0_8u_config6_U0  |pooling2d_cl_array_ap_fixed_8u_array_ap_fixed_16_6_5_3_0_8u_config6_s  |        0|     0|   1336|   1997|    0|
    |pooling2d_cl_array_array_ap_fixed_16_6_5_3_0_16u_config11_U0            |pooling2d_cl_array_array_ap_fixed_16_6_5_3_0_16u_config11_s            |        0|     0|   2485|   3375|    0|
    |relu_array_ap_fixed_16u_array_ap_fixed_16_6_5_3_0_16u_relu_config10_U0  |relu_array_ap_fixed_16u_array_ap_fixed_16_6_5_3_0_16u_relu_config10_s  |        0|     0|    269|   1105|    0|
    |relu_array_ap_fixed_8u_array_ap_fixed_16_6_5_3_0_8u_relu_config5_U0     |relu_array_ap_fixed_8u_array_ap_fixed_16_6_5_3_0_8u_relu_config5_s     |        0|     0|    144|    583|    0|
    |softmax_array_array_ap_fixed_16_6_5_3_0_10u_softmax_config15_U0         |softmax_array_array_ap_fixed_16_6_5_3_0_10u_softmax_config15_s         |        6|    10|    428|    927|    0|
    +------------------------------------------------------------------------+-----------------------------------------------------------------------+---------+------+-------+-------+-----+
    |Total                                                                   |                                                                       |        6|  2552|  81868| 141129|    0|
    +------------------------------------------------------------------------+-----------------------------------------------------------------------+---------+------+-------+-------+-----+

    * DSP: 
    N/A

    * Memory: 
    N/A

    * FIFO: 
    +---------------+---------+-----+----+-----+------+-----+---------+
    |      Name     | BRAM_18K|  FF | LUT| URAM| Depth| Bits| Size:D*B|
    +---------------+---------+-----+----+-----+------+-----+---------+
    |layer10_out_U  |       15|  158|   0|    -|   121|  256|    30976|
    |layer11_out_U  |       15|  152|   0|    -|    25|  256|     6400|
    |layer13_out_U  |        0|   99|   0|    -|     1|  160|      160|
    |layer14_out_U  |        0|   99|   0|    -|     1|  160|      160|
    |layer2_out_U   |       17|  165|   0|    -|   676|  296|   200096|
    |layer5_out_U   |        8|  165|   0|    -|   676|  128|    86528|
    |layer6_out_U   |        8|  163|   0|    -|   169|  128|    21632|
    |layer7_out_U   |       36|  158|   0|    -|   121|  640|    77440|
    +---------------+---------+-----+----+-----+------+-----+---------+
    |Total          |       99| 1159|   0|    0|  1790| 2024|   423392|
    +---------------+---------+-----+----+-----+------+-----+---------+

    * Expression: 
    +--------------+----------+----+---+----+------------+------------+
    | Variable Name| Operation| DSP| FF| LUT| Bitwidth P0| Bitwidth P1|
    +--------------+----------+----+---+----+------------+------------+
    |ap_idle       |       and|   0|  0|   2|           1|           1|
    +--------------+----------+----+---+----+------------+------------+
    |Total         |          |   0|  0|   2|           1|           1|
    +--------------+----------+----+---+----+------------+------------+

    * Multiplexer: 
    N/A

    * Register: 
    N/A



================================================================
== Interface
================================================================
* Summary: 
+--------------------+-----+-----+------------+--------------+--------------+
|      RTL Ports     | Dir | Bits|  Protocol  | Source Object|    C Type    |
+--------------------+-----+-----+------------+--------------+--------------+
|input_2_TDATA       |   in|   16|        axis|       input_2|       pointer|
|input_2_TVALID      |   in|    1|        axis|       input_2|       pointer|
|input_2_TREADY      |  out|    1|        axis|       input_2|       pointer|
|layer15_out_TDATA   |  out|  160|        axis|   layer15_out|       pointer|
|layer15_out_TVALID  |  out|    1|        axis|   layer15_out|       pointer|
|layer15_out_TREADY  |   in|    1|        axis|   layer15_out|       pointer|
|ap_clk              |   in|    1|  ap_ctrl_hs|     myproject|  return value|
|ap_rst_n            |   in|    1|  ap_ctrl_hs|     myproject|  return value|
|ap_start            |   in|    1|  ap_ctrl_hs|     myproject|  return value|
|ap_done             |  out|    1|  ap_ctrl_hs|     myproject|  return value|
|ap_ready            |  out|    1|  ap_ctrl_hs|     myproject|  return value|
|ap_idle             |  out|    1|  ap_ctrl_hs|     myproject|  return value|
+--------------------+-----+-----+------------+--------------+--------------+

