

================================================================
== Vitis HLS Report for 'myproject'
================================================================
* Date:           Fri Jul  3 11:58:46 2026

* Version:        2023.2 (Build 4023990 on Oct 11 2023)
* Project:        myproject_prj
* Solution:       solution1 (Vivado IP Flow Target)
* Product family: zynquplus
* Target device:  xczu9eg-ffvb1156-2-e


================================================================
== Performance Estimates
================================================================
+ Timing: 
    * Summary: 
    +--------+---------+----------+------------+
    |  Clock |  Target | Estimated| Uncertainty|
    +--------+---------+----------+------------+
    |ap_clk  |  5.00 ns|  3.650 ns|     1.35 ns|
    +--------+---------+----------+------------+

+ Latency: 
    * Summary: 
    +---------+---------+-----------+-----------+------+------+----------+
    |  Latency (cycles) |   Latency (absolute)  |   Interval  | Pipeline |
    |   min   |   max   |    min    |    max    |  min |  max |   Type   |
    +---------+---------+-----------+-----------+------+------+----------+
    |     2372|     2372|  11.860 us|  11.860 us|  2356|  2356|  dataflow|
    +---------+---------+-----------+-----------+------+------+----------+

    + Detail: 
        * Instance: 
        +-------------------------------------------------------------------------+------------------------------------------------------------------------+---------+---------+-----------+-----------+------+------+---------+
        |                                                                         |                                                                        |  Latency (cycles) |   Latency (absolute)  |   Interval  | Pipeline|
        |                                 Instance                                |                                 Module                                 |   min   |   max   |    min    |    max    |  min |  max |   Type  |
        +-------------------------------------------------------------------------+------------------------------------------------------------------------+---------+---------+-----------+-----------+------+------+---------+
        |conv_2d_cl_array_ap_fixed_1u_array_ap_fixed_27_12_5_3_0_8u_config2_U0    |conv_2d_cl_array_ap_fixed_1u_array_ap_fixed_27_12_5_3_0_8u_config2_s    |     2355|     2355|  11.775 us|  11.775 us|  2355|  2355|       no|
        |relu_array_ap_fixed_8u_array_ap_ufixed_6_0_4_0_0_8u_relu_config4_U0      |relu_array_ap_fixed_8u_array_ap_ufixed_6_0_4_0_0_8u_relu_config4_s      |      679|      679|   3.395 us|   3.395 us|   679|   679|       no|
        |pooling2d_cl_array_ap_ufixed_8u_array_ap_ufixed_6_0_4_0_0_8u_config5_U0  |pooling2d_cl_array_ap_ufixed_8u_array_ap_ufixed_6_0_4_0_0_8u_config5_s  |     1355|     1355|   6.775 us|   6.775 us|  1355|  1355|       no|
        |conv_2d_cl_array_ap_ufixed_8u_array_ap_fixed_20_9_5_3_0_16u_config6_U0   |conv_2d_cl_array_ap_ufixed_8u_array_ap_fixed_20_9_5_3_0_16u_config6_s   |     1017|     1017|   5.085 us|   5.085 us|  1017|  1017|       no|
        |relu_array_ap_fixed_16u_array_ap_ufixed_6_0_4_0_0_16u_relu_config8_U0    |relu_array_ap_fixed_16u_array_ap_ufixed_6_0_4_0_0_16u_relu_config8_s    |      124|      124|   0.620 us|   0.620 us|   124|   124|       no|
        |pooling2d_cl_array_array_ap_ufixed_6_0_4_0_0_16u_config9_U0              |pooling2d_cl_array_array_ap_ufixed_6_0_4_0_0_16u_config9_s              |      245|      245|   1.225 us|   1.225 us|   245|   245|       no|
        |dense_array_ap_ufixed_16u_array_ap_fixed_16_6_0_0_0_10u_config11_U0      |dense_array_ap_ufixed_16u_array_ap_fixed_16_6_0_0_0_10u_config11_s      |       36|       36|   0.180 us|   0.180 us|    36|    36|       no|
        |linear_array_array_ap_fixed_16_6_5_3_0_10u_linear_config12_U0            |linear_array_array_ap_fixed_16_6_5_3_0_10u_linear_config12_s            |        0|        0|       0 ns|       0 ns|     0|     0|       no|
        |softmax_array_array_ap_fixed_16_6_5_3_0_10u_softmax_config13_U0          |softmax_array_array_ap_fixed_16_6_5_3_0_10u_softmax_config13_s          |        9|        9|  45.000 ns|  45.000 ns|     9|     9|       no|
        +-------------------------------------------------------------------------+------------------------------------------------------------------------+---------+---------+-----------+-----------+------+------+---------+

        * Loop: 
        N/A



================================================================
== Utilization Estimates
================================================================
* Summary: 
+-----------------+---------+------+--------+--------+-----+
|       Name      | BRAM_18K|  DSP |   FF   |   LUT  | URAM|
+-----------------+---------+------+--------+--------+-----+
|DSP              |        -|     -|       -|       -|    -|
|Expression       |        -|     -|       0|       2|    -|
|FIFO             |       48|     -|    1159|     481|    -|
|Instance         |        6|    25|   35013|  160694|    -|
|Memory           |        -|     -|       -|       -|    -|
|Multiplexer      |        -|     -|       -|       -|    -|
|Register         |        -|     -|       -|       -|    -|
+-----------------+---------+------+--------+--------+-----+
|Total            |       54|    25|   36172|  161177|    0|
+-----------------+---------+------+--------+--------+-----+
|Available        |     1824|  2520|  548160|  274080|    0|
+-----------------+---------+------+--------+--------+-----+
|Utilization (%)  |        2|    ~0|       6|      58|    0|
+-----------------+---------+------+--------+--------+-----+

+ Detail: 
    * Instance: 
    +-------------------------------------------------------------------------+------------------------------------------------------------------------+---------+----+-------+--------+-----+
    |                                 Instance                                |                                 Module                                 | BRAM_18K| DSP|   FF  |   LUT  | URAM|
    +-------------------------------------------------------------------------+------------------------------------------------------------------------+---------+----+-------+--------+-----+
    |conv_2d_cl_array_ap_fixed_1u_array_ap_fixed_27_12_5_3_0_8u_config2_U0    |conv_2d_cl_array_ap_fixed_1u_array_ap_fixed_27_12_5_3_0_8u_config2_s    |        0|  15|   1520|    3793|    0|
    |conv_2d_cl_array_ap_ufixed_8u_array_ap_fixed_20_9_5_3_0_16u_config6_U0   |conv_2d_cl_array_ap_ufixed_8u_array_ap_fixed_20_9_5_3_0_16u_config6_s   |        0|   0|   6681|   36193|    0|
    |dense_array_ap_ufixed_16u_array_ap_fixed_16_6_0_0_0_10u_config11_U0      |dense_array_ap_ufixed_16u_array_ap_fixed_16_6_0_0_0_10u_config11_s      |        0|   0|  23475|  112195|    0|
    |linear_array_array_ap_fixed_16_6_5_3_0_10u_linear_config12_U0            |linear_array_array_ap_fixed_16_6_5_3_0_10u_linear_config12_s            |        0|   0|      3|      38|    0|
    |pooling2d_cl_array_ap_ufixed_8u_array_ap_ufixed_6_0_4_0_0_8u_config5_U0  |pooling2d_cl_array_ap_ufixed_8u_array_ap_ufixed_6_0_4_0_0_8u_config5_s  |        0|   0|    936|    1517|    0|
    |pooling2d_cl_array_array_ap_ufixed_6_0_4_0_0_16u_config9_U0              |pooling2d_cl_array_array_ap_ufixed_6_0_4_0_0_16u_config9_s              |        0|   0|   1685|    2415|    0|
    |relu_array_ap_fixed_16u_array_ap_ufixed_6_0_4_0_0_16u_relu_config8_U0    |relu_array_ap_fixed_16u_array_ap_ufixed_6_0_4_0_0_16u_relu_config8_s    |        0|   0|    173|    2289|    0|
    |relu_array_ap_fixed_8u_array_ap_ufixed_6_0_4_0_0_8u_relu_config4_U0      |relu_array_ap_fixed_8u_array_ap_ufixed_6_0_4_0_0_8u_relu_config4_s      |        0|   0|    112|    1327|    0|
    |softmax_array_array_ap_fixed_16_6_5_3_0_10u_softmax_config13_U0          |softmax_array_array_ap_fixed_16_6_5_3_0_10u_softmax_config13_s          |        6|  10|    428|     927|    0|
    +-------------------------------------------------------------------------+------------------------------------------------------------------------+---------+----+-------+--------+-----+
    |Total                                                                    |                                                                        |        6|  25|  35013|  160694|    0|
    +-------------------------------------------------------------------------+------------------------------------------------------------------------+---------+----+-------+--------+-----+

    * DSP: 
    N/A

    * Memory: 
    N/A

    * FIFO: 
    +---------------+---------+-----+----+-----+------+-----+---------+
    |      Name     | BRAM_18K|  FF | LUT| URAM| Depth| Bits| Size:D*B|
    +---------------+---------+-----+----+-----+------+-----+---------+
    |layer11_out_U  |        0|   99|   0|    -|     1|  160|      160|
    |layer12_out_U  |        0|   99|   0|    -|     1|  160|      160|
    |layer2_out_U   |       12|  165|   0|    -|   676|  216|   146016|
    |layer4_out_U   |        3|  165|   0|    -|   676|   48|    32448|
    |layer5_out_U   |        3|  163|   0|    -|   169|   48|     8112|
    |layer6_out_U   |       18|  158|   0|    -|   121|  320|    38720|
    |layer8_out_U   |        6|  158|   0|    -|   121|   96|    11616|
    |layer9_out_U   |        6|  152|   0|    -|    25|   96|     2400|
    +---------------+---------+-----+----+-----+------+-----+---------+
    |Total          |       48| 1159|   0|    0|  1790| 1144|   239632|
    +---------------+---------+-----+----+-----+------+-----+---------+

    * Expression: 
    +--------------+----------+----+---+----+------------+------------+
    | Variable Name| Operation| DSP| FF| LUT| Bitwidth P0| Bitwidth P1|
    +--------------+----------+----+---+----+------------+------------+
    |ap_idle       |       and|   0|  0|   2|           1|           1|
    +--------------+----------+----+---+----+------------+------------+
    |Total         |          |   0|  0|   2|           1|           1|
    +--------------+----------+----+---+----+------------+------------+

    * Multiplexer: 
    N/A

    * Register: 
    N/A



================================================================
== Interface
================================================================
* Summary: 
+--------------------+-----+-----+------------+--------------+--------------+
|      RTL Ports     | Dir | Bits|  Protocol  | Source Object|    C Type    |
+--------------------+-----+-----+------------+--------------+--------------+
|input_1_TDATA       |   in|   16|        axis|       input_1|       pointer|
|input_1_TVALID      |   in|    1|        axis|       input_1|       pointer|
|input_1_TREADY      |  out|    1|        axis|       input_1|       pointer|
|layer13_out_TDATA   |  out|  160|        axis|   layer13_out|       pointer|
|layer13_out_TVALID  |  out|    1|        axis|   layer13_out|       pointer|
|layer13_out_TREADY  |   in|    1|        axis|   layer13_out|       pointer|
|ap_clk              |   in|    1|  ap_ctrl_hs|     myproject|  return value|
|ap_rst_n            |   in|    1|  ap_ctrl_hs|     myproject|  return value|
|ap_start            |   in|    1|  ap_ctrl_hs|     myproject|  return value|
|ap_done             |  out|    1|  ap_ctrl_hs|     myproject|  return value|
|ap_ready            |  out|    1|  ap_ctrl_hs|     myproject|  return value|
|ap_idle             |  out|    1|  ap_ctrl_hs|     myproject|  return value|
+--------------------+-----+-----+------------+--------------+--------------+

